<?xml version="1.0" encoding="UTF-8"?>
<testng-results skipped="0" failed="0" ignored="0" total="2" passed="2">
  <reporter-output>
    <line>
      <![CDATA[title is matching actiTIME - Login]]>
    </line>
    <line>
      <![CDATA[element is present ]]>
    </line>
    <line>
      <![CDATA[title is matching actiTIME - Login]]>
    </line>
    <line>
      <![CDATA[title is matching actiTIME - Enter Time-Track]]>
    </line>
    <line>
      <![CDATA[title is matching actiTIME - Login]]>
    </line>
  </reporter-output>
  <suite name="Suite" duration-ms="47979" started-at="2018-12-03T05:13:12Z" finished-at="2018-12-03T05:14:00Z">
    <groups>
    </groups>
    <test name="Test" duration-ms="47979" started-at="2018-12-03T05:13:12Z" finished-at="2018-12-03T05:14:00Z">
      <class name="com.actitime.tests.ValidLoginLogoutTest">
        <test-method status="PASS" signature="precondition()[pri:0, instance:com.actitime.tests.ValidLoginLogoutTest@3bfdc050]" name="precondition" is-config="true" duration-ms="18777" started-at="2018-12-03T05:13:28Z" finished-at="2018-12-03T05:13:47Z">
          <reporter-output>
          </reporter-output>
        </test-method> <!-- precondition -->
        <test-method status="PASS" signature="testValidLoginLogout()[pri:0, instance:com.actitime.tests.ValidLoginLogoutTest@3bfdc050]" name="testValidLoginLogout" duration-ms="11068" started-at="2018-12-03T05:13:47Z" finished-at="2018-12-03T05:13:58Z">
          <reporter-output>
            <line>
              <![CDATA[title is matching actiTIME - Login]]>
            </line>
            <line>
              <![CDATA[title is matching actiTIME - Enter Time-Track]]>
            </line>
            <line>
              <![CDATA[title is matching actiTIME - Login]]>
            </line>
          </reporter-output>
        </test-method> <!-- testValidLoginLogout -->
        <test-method status="PASS" signature="postcondition()[pri:0, instance:com.actitime.tests.ValidLoginLogoutTest@3bfdc050]" name="postcondition" is-config="true" duration-ms="2087" started-at="2018-12-03T05:13:58Z" finished-at="2018-12-03T05:14:00Z">
          <reporter-output>
          </reporter-output>
        </test-method> <!-- postcondition -->
      </class> <!-- com.actitime.tests.ValidLoginLogoutTest -->
      <class name="com.actitime.tests.VerifiVersionTest">
        <test-method status="PASS" signature="precondition()[pri:0, instance:com.actitime.tests.VerifiVersionTest@42d80b78]" name="precondition" is-config="true" duration-ms="11778" started-at="2018-12-03T05:13:12Z" finished-at="2018-12-03T05:13:24Z">
          <reporter-output>
          </reporter-output>
        </test-method> <!-- precondition -->
        <test-method status="PASS" signature="verifyVersionTest()[pri:0, instance:com.actitime.tests.VerifiVersionTest@42d80b78]" name="verifyVersionTest" duration-ms="1911" started-at="2018-12-03T05:13:24Z" finished-at="2018-12-03T05:13:26Z">
          <reporter-output>
            <line>
              <![CDATA[title is matching actiTIME - Login]]>
            </line>
            <line>
              <![CDATA[element is present ]]>
            </line>
          </reporter-output>
        </test-method> <!-- verifyVersionTest -->
        <test-method status="PASS" signature="postcondition()[pri:0, instance:com.actitime.tests.VerifiVersionTest@42d80b78]" name="postcondition" is-config="true" duration-ms="2321" started-at="2018-12-03T05:13:26Z" finished-at="2018-12-03T05:13:28Z">
          <reporter-output>
          </reporter-output>
        </test-method> <!-- postcondition -->
      </class> <!-- com.actitime.tests.VerifiVersionTest -->
    </test> <!-- Test -->
  </suite> <!-- Suite -->
</testng-results>
